<?xml version="1.0" encoding="UTF-8"?>
<testsuite name="customerCustomerRepositoryV1.CCR_TestSuite" tests="1" failures="1" errors="0" time="57.314"><properties><property name="awt.toolkit" value="sun.awt.windows.WToolkit"/><property name="java.specification.version" value="12"/><property name="sun.cpu.isalist" value="amd64"/><property name="sun.jnu.encoding" value="Cp1252"/><property name="sun.arch.data.model" value="64"/><property name="java.vendor.url" value="https://java.oracle.com/"/><property name="sun.boot.library.path" value="C:\Program Files\Java\jdk-12.0.2\bin"/><property name="sun.java.command" value="org.codehaus.plexus.classworlds.launcher.Launcher site"/><property name="jdk.debug" value="release"/><property name="maven.home" value="C:\Users\PrathvirajMeenkeri\Downloads\apache-maven-3.6.3-bin\apache-maven-3.6.3\bin\.."/><property name="sun.stderr.encoding" value="cp437"/><property name="java.specification.vendor" value="Oracle Corporation"/><property name="java.version.date" value="2019-07-16"/><property name="java.home" value="C:\Program Files\Java\jdk-12.0.2"/><property name="file.separator" value="\"/><property name="java.vm.compressedOopsMode" value="32-bit"/><property name="line.separator" value="
"/><property name="sun.stdout.encoding" value="cp437"/><property name="java.vm.specification.vendor" value="Oracle Corporation"/><property name="java.specification.name" value="Java Platform API Specification"/><property name="soapui.browser.disabled" value="true"/><property name="user.script" value=""/><property name="sun.management.compiler" value="HotSpot 64-Bit Tiered Compilers"/><property name="java.runtime.version" value="12.0.2+10"/><property name="user.name" value="097960744"/><property name="file.encoding" value="Cp1252"/><property name="guice.disable.misplaced.annotation.check" value="true"/><property name="java.io.tmpdir" value="C:\Users\PRATHV~1\AppData\Local\Temp\"/><property name="java.version" value="12.0.2"/><property name="java.vm.specification.name" value="Java Virtual Machine Specification"/><property name="sun.os.patch.level" value=""/><property name="java.library.path" value="C:\Program Files\Java\jdk-12.0.2\bin;C:\WINDOWS\Sun\Java\bin;C:\WINDOWS\system32;C:\WINDOWS;C:\ProgramData\Oracle\Java\javapath;C:\WINDOWS\system32;C:\WINDOWS;C:\WINDOWS\System32\Wbem;C:\WINDOWS\System32\WindowsPowerShell\v1.0\;C:\WINDOWS\System32\OpenSSH\;C:\Program Files\Intel\WiFi\bin\;C:\Program Files\Common Files\Intel\WirelessCommon\;C:\Program Files\nodejs\;C:\Program Files\nodejs\node_modules\npm\bin;C:\Users\PrathvirajMeenkeri\AppData\Local\Android\Sdk\tools;C:\Users\PrathvirajMeenkeri\AppData\Local\Android\Sdk\tools\bin;C:\Users\PrathvirajMeenkeri\AppData\Local\Android\Sdk\platform-tools;C:\Program Files\Java\jdk-12.0.2\bin;C:\Program Files\Git\cmd;C:\Users\PrathvirajMeenkeri\Downloads\apache-maven-3.6.3-bin\apache-maven-3.6.3\bin;C:\Program Files\Git\bin;C:\Program Files (x86)\Intel\Intel(R) Management Engine Components\DAL;C:\Program Files\Intel\Intel(R) Management Engine Components\DAL;C:\Users\PrathvirajMeenkeri\AppData\Local\Microsoft\WindowsApps;C:\Program Files\Intel\WiFi\bin\;C:\Program Files\Common Files\Intel\WirelessCommon\;C:\Users\PrathvirajMeenkeri\AppData\Roaming\npm;C:\Users\PrathvirajMeenkeri\Downloads\apache-maven-3.6.3-bin;C:\Users\PrathvirajMeenkeri\AppData\Local\Box\Box Edit\;."/><property name="java.vendor" value="Oracle Corporation"/><property name="classworlds.conf" value="C:\Users\PrathvirajMeenkeri\Downloads\apache-maven-3.6.3-bin\apache-maven-3.6.3\bin\..\bin\m2.conf"/><property name="sun.io.unicode.encoding" value="UnicodeLittle"/><property name="library.jansi.path" value="C:\Users\PrathvirajMeenkeri\Downloads\apache-maven-3.6.3-bin\apache-maven-3.6.3\bin\..\lib\jansi-native"/><property name="sun.desktop" value="windows"/><property name="java.class.path" value="C:\Users\PrathvirajMeenkeri\Downloads\apache-maven-3.6.3-bin\apache-maven-3.6.3\bin\..\boot\plexus-classworlds-2.6.0.jar"/><property name="sun.awt.enableExtraMouseButtons" value="true"/><property name="java.vm.vendor" value="Oracle Corporation"/><property name="user.variant" value=""/><property name="user.timezone" value="Asia/Calcutta"/><property name="maven.conf" value="C:\Users\PrathvirajMeenkeri\Downloads\apache-maven-3.6.3-bin\apache-maven-3.6.3\bin\../conf"/><property name="java.vm.specification.version" value="12"/><property name="os.name" value="Windows 10"/><property name="sun.java.launcher" value="SUN_STANDARD"/><property name="user.country" value="US"/><property name="sun.cpu.endian" value="little"/><property name="user.home" value="C:\Users\PrathvirajMeenkeri"/><property name="user.language" value="en"/><property name="java.awt.graphicsenv" value="sun.awt.Win32GraphicsEnvironment"/><property name="path.separator" value=";"/><property name="os.version" value="10.0"/><property name="java.runtime.name" value="Java(TM) SE Runtime Environment"/><property name="java.vm.name" value="Java HotSpot(TM) 64-Bit Server VM"/><property name="java.vendor.url.bug" value="https://bugreport.java.com/bugreport/"/><property name="user.dir" value="C:\Users\PrathvirajMeenkeri\Desktop\Project Framework\Customer-Repository"/><property name="os.arch" value="amd64"/><property name="maven.multiModuleProjectDirectory" value="C:\Users\PrathvirajMeenkeri\Desktop\Project Framework\Customer-Repository"/><property name="java.vm.info" value="mixed mode, sharing"/><property name="java.vm.version" value="12.0.2+10"/><property name="java.class.version" value="56.0"/></properties><testcase name="CCR_SOAP_Testing" time="57.314"><failure type="Cancelling due to failed test step" message="Cancelling due to failed test step"><![CDATA[<h3><b>CCR_Save Failed</b></h3><pre>[Not SOAP Fault] Response is a SOAP Fault
</pre><hr/>]]></failure></testcase></testsuite>